<?xml version="1.0" encoding="UTF-8"?>
<!-- Generated by org.testng.reporters.JUnitReportReporter -->
<testsuite hostname="shreyas-PC" name="com.aq.tests.GetAPITest" tests="1" failures="0" timestamp="14 Dec 2018 13:43:44 GMT" time="17.716" errors="0">
  <testcase name="getAPITest" time="17.716" classname="com.aq.tests.GetAPITest"/>
</testsuite> <!-- com.aq.tests.GetAPITest -->
